<?xml version="1.0" encoding="UTF-8"?>
<testsuite xmlns:xsi="http://www.w3.org/2001/XMLSchema-instance" xsi:noNamespaceSchemaLocation="https://maven.apache.org/surefire/maven-surefire-plugin/xsd/surefire-test-report-3.0.xsd" version="3.0" name="com.example.back.BackApplicationTests" time="7.21" tests="1" errors="0" skipped="0" failures="0">
  <properties>
[...]
</properties>
  <testcase name="contextLoads" classname="com.example.back.BackApplicationTests" time="0.475">
    <system-out><![CDATA[19:37:32.331 [main] INFO org.springframework.test.context.support.AnnotationConfigContextLoaderUtils -- Could not detect default configuration classes for test class [com.example.back.BackApplicationTests]: BackApplicationTests does not declare any static, non-private, non-final, nested classes annotated with @Configuration.
19:37:32.440 [main] INFO org.springframework.boot.test.context.SpringBootTestContextBootstrapper -- Found @SpringBootConfiguration com.example.back.BackApplication for test class com.example.back.BackApplicationTests
19:37:32.593 [main] INFO org.springframework.boot.devtools.restart.RestartApplicationListener -- Restart disabled due to context in which it is running

  .   ____          _            __ _ _
 /\\ / ___'_ __ _ _(_)_ __  __ _ \ \ \ \
( ( )\___ | '_ | '_| | '_ \/ _` | \ \ \ \
 \\/  ___)| |_)| | | | | || (_| |  ) ) ) )
  '  |____| .__|_| |_|_| |_\__, | / / / /
 =========|_|==============|___/=/_/_/_/

 :: Spring Boot ::                (v3.3.5)

2024-12-01T19:37:32.855-06:00  INFO 26524 --- [back] [           main] com.example.back.BackApplicationTests    : Starting BackApplicationTests using Java 23.0.1 with PID 26524 (started by Carlos in C:\Users\Carlos\Desktop\Back)
2024-12-01T19:37:32.857-06:00  INFO 26524 --- [back] [           main] com.example.back.BackApplicationTests    : No active profile set, falling back to 1 default profile: "default"
2024-12-01T19:37:34.034-06:00  INFO 26524 --- [back] [           main] .s.d.r.c.RepositoryConfigurationDelegate : Bootstrapping Spring Data JPA repositories in DEFAULT mode.
2024-12-01T19:37:34.197-06:00  INFO 26524 --- [back] [           main] .s.d.r.c.RepositoryConfigurationDelegate : Finished Spring Data repository scanning in 158 ms. Found 14 JPA repository interfaces.
2024-12-01T19:37:34.772-06:00  INFO 26524 --- [back] [           main] o.hibernate.jpa.internal.util.LogHelper  : HHH000204: Processing PersistenceUnitInfo [name: default]
2024-12-01T19:37:34.835-06:00  INFO 26524 --- [back] [           main] org.hibernate.Version                    : HHH000412: Hibernate ORM core version 6.5.3.Final
2024-12-01T19:37:34.874-06:00  INFO 26524 --- [back] [           main] o.h.c.internal.RegionFactoryInitiator    : HHH000026: Second-level cache disabled
2024-12-01T19:37:35.200-06:00  INFO 26524 --- [back] [           main] o.s.o.j.p.SpringPersistenceUnitInfo      : No LoadTimeWeaver setup: ignoring JPA class transformer
2024-12-01T19:37:35.231-06:00  INFO 26524 --- [back] [           main] com.zaxxer.hikari.HikariDataSource       : HikariPool-1 - Starting...
2024-12-01T19:37:35.432-06:00  INFO 26524 --- [back] [           main] com.zaxxer.hikari.pool.HikariPool        : HikariPool-1 - Added connection com.mysql.cj.jdbc.ConnectionImpl@15371de2
2024-12-01T19:37:35.434-06:00  INFO 26524 --- [back] [           main] com.zaxxer.hikari.HikariDataSource       : HikariPool-1 - Start completed.
2024-12-01T19:37:35.467-06:00  WARN 26524 --- [back] [           main] org.hibernate.dialect.Dialect            : HHH000511: The 5.5.5 version for [org.hibernate.dialect.MySQLDialect] is no longer supported, hence certain features may not work properly. The minimum supported version is 8.0.0. Check the community dialects project for available legacy versions.
2024-12-01T19:37:35.472-06:00  WARN 26524 --- [back] [           main] org.hibernate.orm.deprecation            : HHH90000025: MySQLDialect does not need to be specified explicitly using 'hibernate.dialect' (remove the property setting and it will be selected by default)
2024-12-01T19:37:36.325-06:00  INFO 26524 --- [back] [           main] o.h.e.t.j.p.i.JtaPlatformInitiator       : HHH000489: No JTA platform available (set 'hibernate.transaction.jta.platform' to enable JTA platform integration)
Hibernate: alter table vc_tbqu modify column status_pag CHAR(1) DEFAULT '1' not null
2024-12-01T19:37:36.531-06:00  INFO 26524 --- [back] [           main] j.LocalContainerEntityManagerFactoryBean : Initialized JPA EntityManagerFactory for persistence unit 'default'
2024-12-01T19:37:36.892-06:00  INFO 26524 --- [back] [           main] o.s.d.j.r.query.QueryEnhancerFactory     : Hibernate is in classpath; If applicable, HQL parser will be used.
2024-12-01T19:37:38.052-06:00  INFO 26524 --- [back] [           main] f.a.AutowiredAnnotationBeanPostProcessor : Autowired annotation should only be used on methods with parameters: public java.util.List com.example.back.service.UserService.getUsers()
Hibernate: select u1_0.id_user,u1_0.email,u1_0.password,u1_0.status from vc_tbus u1_0
2024-12-01T19:37:38.192-06:00  WARN 26524 --- [back] [           main] JpaBaseConfiguration$JpaWebConfiguration : spring.jpa.open-in-view is enabled by default. Therefore, database queries may be performed during view rendering. Explicitly configure spring.jpa.open-in-view to disable this warning
2024-12-01T19:37:38.223-06:00  INFO 26524 --- [back] [           main] r$InitializeUserDetailsManagerConfigurer : Global AuthenticationManager configured with UserDetailsService bean with name customUserDetailsService
2024-12-01T19:37:38.873-06:00  INFO 26524 --- [back] [           main] com.example.back.BackApplicationTests    : Started BackApplicationTests in 6.291 seconds (process running for 7.469)
]]></system-out>
    <system-err><![CDATA[WARNING: A Java agent has been loaded dynamically (C:\Users\Carlos\.m2\repository\net\bytebuddy\byte-buddy-agent\1.14.19\byte-buddy-agent-1.14.19.jar)
WARNING: If a serviceability tool is in use, please run with -XX:+EnableDynamicAgentLoading to hide this warning
WARNING: If a serviceability tool is not in use, please run with -Djdk.instrument.traceUsage for more information
WARNING: Dynamic loading of agents will be disallowed by default in a future release
]]></system-err>
  </testcase>
</testsuite>